e:\shootinggame\shootinggame\debug\vc143.pdb
e:\shootinggame\shootinggame\debug\vc143.idb
e:\shootinggame\shootinggame\debug\scenemanager.obj
e:\shootinggame\shootinggame\debug\rect.obj
e:\shootinggame\shootinggame\debug\playerinput.obj
e:\shootinggame\shootinggame\debug\playerbulletmovement.obj
e:\shootinggame\shootinggame\debug\playerbulletinput.obj
e:\shootinggame\shootinggame\debug\mycoordinate.obj
e:\shootinggame\shootinggame\debug\main.obj
e:\shootinggame\shootinggame\debug\ingamescene.obj
e:\shootinggame\shootinggame\debug\groupcontroller.obj
e:\shootinggame\shootinggame\debug\gameobject.obj
e:\shootinggame\shootinggame\debug\gamemanager.obj
e:\shootinggame\shootinggame\debug\enemymanager.obj
e:\shootinggame\shootinggame\debug\enemyfactory.obj
e:\shootinggame\shootinggame\debug\enemyboundary.obj
e:\shootinggame\shootinggame\debug\displaybase.obj
e:\shootinggame\shootinggame\debug\console.obj
e:\shootinggame\shootinggame\debug\collision.obj
e:\shootinggame\shootinggame\debug\bulletmanager.obj
e:\shootinggame\shootinggame\debug\boundary.obj
e:\shootinggame\shootinggame\debug\basescene.obj
e:\shootinggame\shootinggame\debug\titlescene.obj
e:\shootinggame\shootinggame\debug\collisionplayerenemy.obj
e:\shootinggame\shootinggame\debug\collisioncontroller.obj
e:\shootinggame\shootinggame\debug\collisionplayerbulletenemy.obj
e:\shootinggame\shootinggame\debug\endingscene.obj
e:\shootinggame\shootinggame\debug\winendingscene.obj
e:\shootinggame\shootinggame\debug\loseendingscene.obj
e:\shootinggame\shootinggame\debug\shootinggame.exe
e:\shootinggame\shootinggame\debug\shootinggame.ilk
e:\shootinggame\shootinggame\debug\shootinggame.pdb
e:\shootinggame\shootinggame\debug\enemybase.obj
e:\shootinggame\shootinggame\debug\shootinggame.tlog\cl.command.1.tlog
e:\shootinggame\shootinggame\debug\shootinggame.tlog\cl.items.tlog
e:\shootinggame\shootinggame\debug\shootinggame.tlog\cl.read.1.tlog
e:\shootinggame\shootinggame\debug\shootinggame.tlog\cl.write.1.tlog
e:\shootinggame\shootinggame\debug\shootinggame.tlog\link.command.1.tlog
e:\shootinggame\shootinggame\debug\shootinggame.tlog\link.read.1.tlog
e:\shootinggame\shootinggame\debug\shootinggame.tlog\link.write.1.tlog
